# JRE version: Java(TM) SE Runtime Environment (8.0_40-b12) (build 1.8.0_40-ea-b12)
# Java VM: Java HotSpot(TM) 64-Bit Server VM (25.40-b16 mixed mode windows-amd64 compressed oops)
Heap:
 PSYoungGen      total 317952K, used 33880K [0x00000000d5c00000, 0x00000000ee380000, 0x0000000100000000)
  eden space 294912K, 3% used [0x00000000d5c00000,0x00000000d6697908,0x00000000e7c00000)
  from space 23040K, 99% used [0x00000000e7c00000,0x00000000e927e7f0,0x00000000e9280000)
  to   space 31232K, 0% used [0x00000000ec500000,0x00000000ec500000,0x00000000ee380000)
 ParOldGen       total 132608K, used 59129K [0x0000000081400000, 0x0000000089580000, 0x00000000d5c00000)
  object space 132608K, 44% used [0x0000000081400000,0x0000000084dbe5c0,0x0000000089580000)
 Metaspace       used 76643K, capacity 78849K, committed 79104K, reserved 1118208K
  class space    used 9231K, capacity 9640K, committed 9728K, reserved 1048576K
GC Heap History (10 events):
Event: 48.254 GC heap before
{Heap before GC invocations=18 (full 3):
 PSYoungGen      total 228864K, used 211968K [0x00000000d5c00000, 0x00000000e4c00000, 0x0000000100000000)
  eden space 211968K, 100% used [0x00000000d5c00000,0x00000000e2b00000,0x00000000e2b00000)
  from space 16896K, 0% used [0x00000000e3b80000,0x00000000e3b80000,0x00000000e4c00000)
  to   space 16896K, 0% used [0x00000000e2b00000,0x00000000e2b00000,0x00000000e3b80000)
 ParOldGen       total 132608K, used 34577K [0x0000000081400000, 0x0000000089580000, 0x00000000d5c00000)
  object space 132608K, 26% used [0x0000000081400000,0x00000000835c4418,0x0000000089580000)
 Metaspace       used 64392K, capacity 66027K, committed 66048K, reserved 1107968K
  class space    used 8141K, capacity 8442K, committed 8448K, reserved 1048576K
Event: 48.309 GC heap after
Heap after GC invocations=18 (full 3):
 PSYoungGen      total 228864K, used 11590K [0x00000000d5c00000, 0x00000000e7b80000, 0x0000000100000000)
  eden space 211968K, 0% used [0x00000000d5c00000,0x00000000d5c00000,0x00000000e2b00000)
  from space 16896K, 68% used [0x00000000e2b00000,0x00000000e36518a0,0x00000000e3b80000)
  to   space 17408K, 0% used [0x00000000e6a80000,0x00000000e6a80000,0x00000000e7b80000)
 ParOldGen       total 132608K, used 34585K [0x0000000081400000, 0x0000000089580000, 0x00000000d5c00000)
  object space 132608K, 26% used [0x0000000081400000,0x00000000835c6418,0x0000000089580000)
 Metaspace       used 64392K, capacity 66027K, committed 66048K, reserved 1107968K
  class space    used 8141K, capacity 8442K, committed 8448K, reserved 1048576K
}
Event: 51.015 GC heap before
{Heap before GC invocations=19 (full 3):
 PSYoungGen      total 228864K, used 223558K [0x00000000d5c00000, 0x00000000e7b80000, 0x0000000100000000)
  eden space 211968K, 100% used [0x00000000d5c00000,0x00000000e2b00000,0x00000000e2b00000)
  from space 16896K, 68% used [0x00000000e2b00000,0x00000000e36518a0,0x00000000e3b80000)
  to   space 17408K, 0% used [0x00000000e6a80000,0x00000000e6a80000,0x00000000e7b80000)
 ParOldGen       total 132608K, used 34585K [0x0000000081400000, 0x0000000089580000, 0x00000000d5c00000)
  object space 132608K, 26% used [0x0000000081400000,0x00000000835c6418,0x0000000089580000)
 Metaspace       used 66312K, capacity 68003K, committed 68096K, reserved 1107968K
  class space    used 8300K, capacity 8644K, committed 8704K, reserved 1048576K
Event: 51.038 GC heap after
Heap after GC invocations=19 (full 3):
 PSYoungGen      total 276480K, used 12031K [0x00000000d5c00000, 0x00000000e7c00000, 0x0000000100000000)
  eden space 259072K, 0% used [0x00000000d5c00000,0x00000000d5c00000,0x00000000e5900000)
  from space 17408K, 69% used [0x00000000e6a80000,0x00000000e763fcd0,0x00000000e7b80000)
  to   space 17920K, 0% used [0x00000000e5900000,0x00000000e5900000,0x00000000e6a80000)
 ParOldGen       total 132608K, used 34593K [0x0000000081400000, 0x0000000089580000, 0x00000000d5c00000)
  object space 132608K, 26% used [0x0000000081400000,0x00000000835c8418,0x0000000089580000)
 Metaspace       used 66312K, capacity 68003K, committed 68096K, reserved 1107968K
  class space    used 8300K, capacity 8644K, committed 8704K, reserved 1048576K
}
Event: 57.121 GC heap before
{Heap before GC invocations=20 (full 3):
 PSYoungGen      total 276480K, used 271103K [0x00000000d5c00000, 0x00000000e7c00000, 0x0000000100000000)
  eden space 259072K, 100% used [0x00000000d5c00000,0x00000000e5900000,0x00000000e5900000)
  from space 17408K, 69% used [0x00000000e6a80000,0x00000000e763fcd0,0x00000000e7b80000)
  to   space 17920K, 0% used [0x00000000e5900000,0x00000000e5900000,0x00000000e6a80000)
 ParOldGen       total 132608K, used 34593K [0x0000000081400000, 0x0000000089580000, 0x00000000d5c00000)
  object space 132608K, 26% used [0x0000000081400000,0x00000000835c8418,0x0000000089580000)
 Metaspace       used 67645K, capacity 69461K, committed 69760K, reserved 1110016K
  class space    used 8424K, capacity 8765K, committed 8832K, reserved 1048576K
Event: 57.161 GC heap after
Heap after GC invocations=20 (full 3):
 PSYoungGen      total 276992K, used 17909K [0x00000000d5c00000, 0x00000000ea800000, 0x0000000100000000)
  eden space 259072K, 0% used [0x00000000d5c00000,0x00000000d5c00000,0x00000000e5900000)
  from space 17920K, 99% used [0x00000000e5900000,0x00000000e6a7d4b0,0x00000000e6a80000)
  to   space 22016K, 0% used [0x00000000e9280000,0x00000000e9280000,0x00000000ea800000)
 ParOldGen       total 132608K, used 38940K [0x0000000081400000, 0x0000000089580000, 0x00000000d5c00000)
  object space 132608K, 29% used [0x0000000081400000,0x0000000083a07170,0x0000000089580000)
 Metaspace       used 67645K, capacity 69461K, committed 69760K, reserved 1110016K
  class space    used 8424K, capacity 8765K, committed 8832K, reserved 1048576K
}
Event: 64.794 GC heap before
{Heap before GC invocations=21 (full 3):
 PSYoungGen      total 276992K, used 276981K [0x00000000d5c00000, 0x00000000ea800000, 0x0000000100000000)
  eden space 259072K, 100% used [0x00000000d5c00000,0x00000000e5900000,0x00000000e5900000)
  from space 17920K, 99% used [0x00000000e5900000,0x00000000e6a7d4b0,0x00000000e6a80000)
  to   space 22016K, 0% used [0x00000000e9280000,0x00000000e9280000,0x00000000ea800000)
 ParOldGen       total 132608K, used 38940K [0x0000000081400000, 0x0000000089580000, 0x00000000d5c00000)
  object space 132608K, 29% used [0x0000000081400000,0x0000000083a07170,0x0000000089580000)
 Metaspace       used 71131K, capacity 73049K, committed 73216K, reserved 1114112K
  class space    used 8812K, capacity 9157K, committed 9216K, reserved 1048576K
Event: 64.850 GC heap after
Heap after GC invocations=21 (full 3):
 PSYoungGen      total 316928K, used 15604K [0x00000000d5c00000, 0x00000000eaa00000, 0x0000000100000000)
  eden space 294912K, 0% used [0x00000000d5c00000,0x00000000d5c00000,0x00000000e7c00000)
  from space 22016K, 70% used [0x00000000e9280000,0x00000000ea1bd250,0x00000000ea800000)
  to   space 23040K, 0% used [0x00000000e7c00000,0x00000000e7c00000,0x00000000e9280000)
 ParOldGen       total 132608K, used 46587K [0x0000000081400000, 0x0000000089580000, 0x00000000d5c00000)
  object space 132608K, 35% used [0x0000000081400000,0x000000008417ec90,0x0000000089580000)
 Metaspace       used 71131K, capacity 73049K, committed 73216K, reserved 1114112K
  class space    used 8812K, capacity 9157K, committed 9216K, reserved 1048576K
}
Event: 76.395 GC heap before
{Heap before GC invocations=22 (full 3):
 PSYoungGen      total 316928K, used 310516K [0x00000000d5c00000, 0x00000000eaa00000, 0x0000000100000000)
  eden space 294912K, 100% used [0x00000000d5c00000,0x00000000e7c00000,0x00000000e7c00000)
  from space 22016K, 70% used [0x00000000e9280000,0x00000000ea1bd250,0x00000000ea800000)
  to   space 23040K, 0% used [0x00000000e7c00000,0x00000000e7c00000,0x00000000e9280000)
 ParOldGen       total 132608K, used 46587K [0x0000000081400000, 0x0000000089580000, 0x00000000d5c00000)
  object space 132608K, 35% used [0x0000000081400000,0x000000008417ec90,0x0000000089580000)
 Metaspace       used 76637K, capacity 78849K, committed 79104K, reserved 1118208K
  class space    used 9229K, capacity 9640K, committed 9728K, reserved 1048576K
Event: 76.507 GC heap after
Heap after GC invocations=22 (full 3):
 PSYoungGen      total 317952K, used 23033K [0x00000000d5c00000, 0x00000000ee380000, 0x0000000100000000)
  eden space 294912K, 0% used [0x00000000d5c00000,0x00000000d5c00000,0x00000000e7c00000)
  from space 23040K, 99% used [0x00000000e7c00000,0x00000000e927e7f0,0x00000000e9280000)
  to   space 31232K, 0% used [0x00000000ec500000,0x00000000ec500000,0x00000000ee380000)
 ParOldGen       total 132608K, used 59129K [0x0000000081400000, 0x0000000089580000, 0x00000000d5c00000)
  object space 132608K, 44% used [0x0000000081400000,0x0000000084dbe5c0,0x0000000089580000)
 Metaspace       used 76637K, capacity 78849K, committed 79104K, reserved 1118208K
  class space    used 9229K, capacity 9640K, committed 9728K, reserved 1048576K
}

