# JRE version: Java(TM) SE Runtime Environment (8.0_40-b12) (build 1.8.0_40-ea-b12)
# Java VM: Java HotSpot(TM) 64-Bit Server VM (25.40-b16 mixed mode windows-amd64 compressed oops)
Heap:
 PSYoungGen      total 358912K, used 78324K [0x00000000d5c00000, 0x00000000ee600000, 0x0000000100000000)
  eden space 345088K, 18% used [0x00000000d5c00000,0x00000000d9b412a8,0x00000000ead00000)
  from space 13824K, 98% used [0x00000000eb980000,0x00000000ec6bc120,0x00000000ec700000)
  to   space 29184K, 0% used [0x00000000ec980000,0x00000000ec980000,0x00000000ee600000)
 ParOldGen       total 232448K, used 88618K [0x0000000081400000, 0x000000008f700000, 0x00000000d5c00000)
  object space 232448K, 38% used [0x0000000081400000,0x0000000086a8a960,0x000000008f700000)
 Metaspace       used 110301K, capacity 114360K, committed 114380K, reserved 1148928K
  class space    used 13381K, capacity 14067K, committed 14080K, reserved 1048576K
GC Heap History (10 events):
Event: 91.797 GC heap before
{Heap before GC invocations=31 (full 4):
 PSYoungGen      total 352256K, used 336634K [0x00000000d5c00000, 0x00000000ed800000, 0x0000000100000000)
  eden space 320512K, 100% used [0x00000000d5c00000,0x00000000e9500000,0x00000000e9500000)
  from space 31744K, 50% used [0x00000000eb900000,0x00000000ec8be848,0x00000000ed800000)
  to   space 34304K, 0% used [0x00000000e9500000,0x00000000e9500000,0x00000000eb680000)
 ParOldGen       total 232448K, used 88578K [0x0000000081400000, 0x000000008f700000, 0x00000000d5c00000)
  object space 232448K, 38% used [0x0000000081400000,0x0000000086a80960,0x000000008f700000)
 Metaspace       used 107206K, capacity 110820K, committed 111052K, reserved 1146880K
  class space    used 13093K, capacity 13727K, committed 13824K, reserved 1048576K
Event: 91.820 GC heap after
Heap after GC invocations=31 (full 4):
 PSYoungGen      total 354816K, used 12261K [0x00000000d5c00000, 0x00000000ef000000, 0x0000000100000000)
  eden space 320512K, 0% used [0x00000000d5c00000,0x00000000d5c00000,0x00000000e9500000)
  from space 34304K, 35% used [0x00000000e9500000,0x00000000ea0f9420,0x00000000eb680000)
  to   space 33280K, 0% used [0x00000000ecf80000,0x00000000ecf80000,0x00000000ef000000)
 ParOldGen       total 232448K, used 88586K [0x0000000081400000, 0x000000008f700000, 0x00000000d5c00000)
  object space 232448K, 38% used [0x0000000081400000,0x0000000086a82960,0x000000008f700000)
 Metaspace       used 107206K, capacity 110820K, committed 111052K, reserved 1146880K
  class space    used 13093K, capacity 13727K, committed 13824K, reserved 1048576K
}
Event: 191.053 GC heap before
{Heap before GC invocations=32 (full 4):
 PSYoungGen      total 354816K, used 332773K [0x00000000d5c00000, 0x00000000ef000000, 0x0000000100000000)
  eden space 320512K, 100% used [0x00000000d5c00000,0x00000000e9500000,0x00000000e9500000)
  from space 34304K, 35% used [0x00000000e9500000,0x00000000ea0f9420,0x00000000eb680000)
  to   space 33280K, 0% used [0x00000000ecf80000,0x00000000ecf80000,0x00000000ef000000)
 ParOldGen       total 232448K, used 88586K [0x0000000081400000, 0x000000008f700000, 0x00000000d5c00000)
  object space 232448K, 38% used [0x0000000081400000,0x0000000086a82960,0x000000008f700000)
 Metaspace       used 108730K, capacity 112474K, committed 112716K, reserved 1148928K
  class space    used 13284K, capacity 13934K, committed 13952K, reserved 1048576K
Event: 191.068 GC heap after
Heap after GC invocations=32 (full 4):
 PSYoungGen      total 369152K, used 13066K [0x00000000d5c00000, 0x00000000ee980000, 0x0000000100000000)
  eden space 342528K, 0% used [0x00000000d5c00000,0x00000000d5c00000,0x00000000eaa80000)
  from space 26624K, 49% used [0x00000000ecf80000,0x00000000edc429a8,0x00000000ee980000)
  to   space 32256K, 0% used [0x00000000eaa80000,0x00000000eaa80000,0x00000000eca00000)
 ParOldGen       total 232448K, used 88594K [0x0000000081400000, 0x000000008f700000, 0x00000000d5c00000)
  object space 232448K, 38% used [0x0000000081400000,0x0000000086a84960,0x000000008f700000)
 Metaspace       used 108730K, capacity 112474K, committed 112716K, reserved 1148928K
  class space    used 13284K, capacity 13934K, committed 13952K, reserved 1048576K
}
Event: 216.864 GC heap before
{Heap before GC invocations=33 (full 4):
 PSYoungGen      total 369152K, used 355594K [0x00000000d5c00000, 0x00000000ee980000, 0x0000000100000000)
  eden space 342528K, 100% used [0x00000000d5c00000,0x00000000eaa80000,0x00000000eaa80000)
  from space 26624K, 49% used [0x00000000ecf80000,0x00000000edc429a8,0x00000000ee980000)
  to   space 32256K, 0% used [0x00000000eaa80000,0x00000000eaa80000,0x00000000eca00000)
 ParOldGen       total 232448K, used 88594K [0x0000000081400000, 0x000000008f700000, 0x00000000d5c00000)
  object space 232448K, 38% used [0x0000000081400000,0x0000000086a84960,0x000000008f700000)
 Metaspace       used 109349K, capacity 113210K, committed 113356K, reserved 1148928K
  class space    used 13315K, capacity 13983K, committed 14080K, reserved 1048576K
Event: 216.877 GC heap after
Heap after GC invocations=33 (full 4):
 PSYoungGen      total 374784K, used 12440K [0x00000000d5c00000, 0x00000000efa00000, 0x0000000100000000)
  eden space 342528K, 0% used [0x00000000d5c00000,0x00000000d5c00000,0x00000000eaa80000)
  from space 32256K, 38% used [0x00000000eaa80000,0x00000000eb6a60f0,0x00000000eca00000)
  to   space 31232K, 0% used [0x00000000edb80000,0x00000000edb80000,0x00000000efa00000)
 ParOldGen       total 232448K, used 88602K [0x0000000081400000, 0x000000008f700000, 0x00000000d5c00000)
  object space 232448K, 38% used [0x0000000081400000,0x0000000086a86960,0x000000008f700000)
 Metaspace       used 109349K, capacity 113210K, committed 113356K, reserved 1148928K
  class space    used 13315K, capacity 13983K, committed 14080K, reserved 1048576K
}
Event: 350.118 GC heap before
{Heap before GC invocations=34 (full 4):
 PSYoungGen      total 374784K, used 354968K [0x00000000d5c00000, 0x00000000efa00000, 0x0000000100000000)
  eden space 342528K, 100% used [0x00000000d5c00000,0x00000000eaa80000,0x00000000eaa80000)
  from space 32256K, 38% used [0x00000000eaa80000,0x00000000eb6a60f0,0x00000000eca00000)
  to   space 31232K, 0% used [0x00000000edb80000,0x00000000edb80000,0x00000000efa00000)
 ParOldGen       total 232448K, used 88602K [0x0000000081400000, 0x000000008f700000, 0x00000000d5c00000)
  object space 232448K, 38% used [0x0000000081400000,0x0000000086a86960,0x000000008f700000)
 Metaspace       used 109803K, capacity 113744K, committed 113868K, reserved 1148928K
  class space    used 13340K, capacity 14008K, committed 14080K, reserved 1048576K
Event: 350.133 GC heap after
Heap after GC invocations=34 (full 4):
 PSYoungGen      total 383488K, used 13494K [0x00000000d5c00000, 0x00000000ef480000, 0x0000000100000000)
  eden space 357888K, 0% used [0x00000000d5c00000,0x00000000d5c00000,0x00000000eb980000)
  from space 25600K, 52% used [0x00000000edb80000,0x00000000ee8adb30,0x00000000ef480000)
  to   space 30208K, 0% used [0x00000000eb980000,0x00000000eb980000,0x00000000ed700000)
 ParOldGen       total 232448K, used 88610K [0x0000000081400000, 0x000000008f700000, 0x00000000d5c00000)
  object space 232448K, 38% used [0x0000000081400000,0x0000000086a88960,0x000000008f700000)
 Metaspace       used 109803K, capacity 113744K, committed 113868K, reserved 1148928K
  class space    used 13340K, capacity 14008K, committed 14080K, reserved 1048576K
}
Event: 514.440 GC heap before
{Heap before GC invocations=35 (full 4):
 PSYoungGen      total 383488K, used 371382K [0x00000000d5c00000, 0x00000000ef480000, 0x0000000100000000)
  eden space 357888K, 100% used [0x00000000d5c00000,0x00000000eb980000,0x00000000eb980000)
  from space 25600K, 52% used [0x00000000edb80000,0x00000000ee8adb30,0x00000000ef480000)
  to   space 30208K, 0% used [0x00000000eb980000,0x00000000eb980000,0x00000000ed700000)
 ParOldGen       total 232448K, used 88610K [0x0000000081400000, 0x000000008f700000, 0x00000000d5c00000)
  object space 232448K, 38% used [0x0000000081400000,0x0000000086a88960,0x000000008f700000)
 Metaspace       used 110262K, capacity 114360K, committed 114380K, reserved 1148928K
  class space    used 13381K, capacity 14067K, committed 14080K, reserved 1048576K
Event: 514.459 GC heap after
Heap after GC invocations=35 (full 4):
 PSYoungGen      total 358912K, used 13552K [0x00000000d5c00000, 0x00000000ee600000, 0x0000000100000000)
  eden space 345088K, 0% used [0x00000000d5c00000,0x00000000d5c00000,0x00000000ead00000)
  from space 13824K, 98% used [0x00000000eb980000,0x00000000ec6bc120,0x00000000ec700000)
  to   space 29184K, 0% used [0x00000000ec980000,0x00000000ec980000,0x00000000ee600000)
 ParOldGen       total 232448K, used 88618K [0x0000000081400000, 0x000000008f700000, 0x00000000d5c00000)
  object space 232448K, 38% used [0x0000000081400000,0x0000000086a8a960,0x000000008f700000)
 Metaspace       used 110262K, capacity 114360K, committed 114380K, reserved 1148928K
  class space    used 13381K, capacity 14067K, committed 14080K, reserved 1048576K
}

