# JRE version: Java(TM) SE Runtime Environment (8.0_40-b12) (build 1.8.0_40-ea-b12)
# Java VM: Java HotSpot(TM) 64-Bit Server VM (25.40-b16 mixed mode windows-amd64 compressed oops)
Heap:
 PSYoungGen      total 392192K, used 314483K [0x00000000d5c00000, 0x00000000f2480000, 0x0000000100000000)
  eden space 348672K, 85% used [0x00000000d5c00000,0x00000000e7f06ba0,0x00000000eb080000)
  from space 43520K, 37% used [0x00000000eb080000,0x00000000ec0960a8,0x00000000edb00000)
  to   space 41472K, 0% used [0x00000000efc00000,0x00000000efc00000,0x00000000f2480000)
 ParOldGen       total 227328K, used 90396K [0x0000000081400000, 0x000000008f200000, 0x00000000d5c00000)
  object space 227328K, 39% used [0x0000000081400000,0x0000000086c473e0,0x000000008f200000)
 Metaspace       used 106308K, capacity 109656K, committed 109912K, reserved 1144832K
  class space    used 13000K, capacity 13597K, committed 13656K, reserved 1048576K
GC Heap History (10 events):
Event: 49.660 GC heap before
{Heap before GC invocations=25 (full 3):
 PSYoungGen      total 304128K, used 301835K [0x00000000d5c00000, 0x00000000ed480000, 0x0000000100000000)
  eden space 270848K, 100% used [0x00000000d5c00000,0x00000000e6480000,0x00000000e6480000)
  from space 33280K, 93% used [0x00000000e6480000,0x00000000e82c2dc8,0x00000000e8500000)
  to   space 37376K, 0% used [0x00000000eb000000,0x00000000eb000000,0x00000000ed480000)
 ParOldGen       total 123904K, used 50859K [0x0000000081400000, 0x0000000088d00000, 0x00000000d5c00000)
  object space 123904K, 41% used [0x0000000081400000,0x00000000845aafe8,0x0000000088d00000)
 Metaspace       used 86416K, capacity 89070K, committed 89304K, reserved 1128448K
  class space    used 10697K, capacity 11190K, committed 11224K, reserved 1048576K
Event: 49.692 GC heap after
Heap after GC invocations=25 (full 3):
 PSYoungGen      total 340992K, used 37358K [0x00000000d5c00000, 0x00000000ee480000, 0x0000000100000000)
  eden space 303616K, 0% used [0x00000000d5c00000,0x00000000d5c00000,0x00000000e8480000)
  from space 37376K, 99% used [0x00000000eb000000,0x00000000ed47ba30,0x00000000ed480000)
  to   space 44544K, 0% used [0x00000000e8480000,0x00000000e8480000,0x00000000eb000000)
 ParOldGen       total 123904K, used 55054K [0x0000000081400000, 0x0000000088d00000, 0x00000000d5c00000)
  object space 123904K, 44% used [0x0000000081400000,0x00000000849c39b8,0x0000000088d00000)
 Metaspace       used 86416K, capacity 89070K, committed 89304K, reserved 1128448K
  class space    used 10697K, capacity 11190K, committed 11224K, reserved 1048576K
}
Event: 53.370 GC heap before
{Heap before GC invocations=26 (full 3):
 PSYoungGen      total 340992K, used 340974K [0x00000000d5c00000, 0x00000000ee480000, 0x0000000100000000)
  eden space 303616K, 100% used [0x00000000d5c00000,0x00000000e8480000,0x00000000e8480000)
  from space 37376K, 99% used [0x00000000eb000000,0x00000000ed47ba30,0x00000000ed480000)
  to   space 44544K, 0% used [0x00000000e8480000,0x00000000e8480000,0x00000000eb000000)
 ParOldGen       total 123904K, used 55054K [0x0000000081400000, 0x0000000088d00000, 0x00000000d5c00000)
  object space 123904K, 44% used [0x0000000081400000,0x00000000849c39b8,0x0000000088d00000)
 Metaspace       used 92902K, capacity 95652K, committed 95704K, reserved 1132544K
  class space    used 11452K, capacity 11973K, committed 11992K, reserved 1048576K
Event: 53.402 GC heap after
Heap after GC invocations=26 (full 3):
 PSYoungGen      total 348160K, used 22150K [0x00000000d5c00000, 0x00000000f0700000, 0x0000000100000000)
  eden space 303616K, 0% used [0x00000000d5c00000,0x00000000d5c00000,0x00000000e8480000)
  from space 44544K, 49% used [0x00000000e8480000,0x00000000e9a21b88,0x00000000eb000000)
  to   space 43520K, 0% used [0x00000000edc80000,0x00000000edc80000,0x00000000f0700000)
 ParOldGen       total 123904K, used 75087K [0x0000000081400000, 0x0000000088d00000, 0x00000000d5c00000)
  object space 123904K, 60% used [0x0000000081400000,0x0000000085d53ff0,0x0000000088d00000)
 Metaspace       used 92902K, capacity 95652K, committed 95704K, reserved 1132544K
  class space    used 11452K, capacity 11973K, committed 11992K, reserved 1048576K
}
Event: 56.683 GC heap before
{Heap before GC invocations=27 (full 3):
 PSYoungGen      total 348160K, used 325766K [0x00000000d5c00000, 0x00000000f0700000, 0x0000000100000000)
  eden space 303616K, 100% used [0x00000000d5c00000,0x00000000e8480000,0x00000000e8480000)
  from space 44544K, 49% used [0x00000000e8480000,0x00000000e9a21b88,0x00000000eb000000)
  to   space 43520K, 0% used [0x00000000edc80000,0x00000000edc80000,0x00000000f0700000)
 ParOldGen       total 123904K, used 75087K [0x0000000081400000, 0x0000000088d00000, 0x00000000d5c00000)
  object space 123904K, 60% used [0x0000000081400000,0x0000000085d53ff0,0x0000000088d00000)
 Metaspace       used 95415K, capacity 98350K, committed 98380K, reserved 1134592K
  class space    used 11803K, capacity 12346K, committed 12376K, reserved 1048576K
Event: 56.706 GC heap after
Heap after GC invocations=27 (full 3):
 PSYoungGen      total 390656K, used 25405K [0x00000000d5c00000, 0x00000000f0580000, 0x0000000100000000)
  eden space 348672K, 0% used [0x00000000d5c00000,0x00000000d5c00000,0x00000000eb080000)
  from space 41984K, 60% used [0x00000000edc80000,0x00000000ef54f518,0x00000000f0580000)
  to   space 43520K, 0% used [0x00000000eb080000,0x00000000eb080000,0x00000000edb00000)
 ParOldGen       total 123904K, used 75095K [0x0000000081400000, 0x0000000088d00000, 0x00000000d5c00000)
  object space 123904K, 60% used [0x0000000081400000,0x0000000085d55ff0,0x0000000088d00000)
 Metaspace       used 95415K, capacity 98350K, committed 98380K, reserved 1134592K
  class space    used 11803K, capacity 12346K, committed 12376K, reserved 1048576K
}
Event: 56.706 GC heap before
{Heap before GC invocations=28 (full 4):
 PSYoungGen      total 390656K, used 25405K [0x00000000d5c00000, 0x00000000f0580000, 0x0000000100000000)
  eden space 348672K, 0% used [0x00000000d5c00000,0x00000000d5c00000,0x00000000eb080000)
  from space 41984K, 60% used [0x00000000edc80000,0x00000000ef54f518,0x00000000f0580000)
  to   space 43520K, 0% used [0x00000000eb080000,0x00000000eb080000,0x00000000edb00000)
 ParOldGen       total 123904K, used 75095K [0x0000000081400000, 0x0000000088d00000, 0x00000000d5c00000)
  object space 123904K, 60% used [0x0000000081400000,0x0000000085d55ff0,0x0000000088d00000)
 Metaspace       used 95415K, capacity 98350K, committed 98380K, reserved 1134592K
  class space    used 11803K, capacity 12346K, committed 12376K, reserved 1048576K
Event: 57.077 GC heap after
Heap after GC invocations=28 (full 4):
 PSYoungGen      total 390656K, used 0K [0x00000000d5c00000, 0x00000000f0580000, 0x0000000100000000)
  eden space 348672K, 0% used [0x00000000d5c00000,0x00000000d5c00000,0x00000000eb080000)
  from space 41984K, 0% used [0x00000000edc80000,0x00000000edc80000,0x00000000f0580000)
  to   space 43520K, 0% used [0x00000000eb080000,0x00000000eb080000,0x00000000edb00000)
 ParOldGen       total 227328K, used 90388K [0x0000000081400000, 0x000000008f200000, 0x00000000d5c00000)
  object space 227328K, 39% used [0x0000000081400000,0x0000000086c453e0,0x000000008f200000)
 Metaspace       used 95415K, capacity 98350K, committed 98380K, reserved 1134592K
  class space    used 11803K, capacity 12346K, committed 12376K, reserved 1048576K
}
Event: 69.219 GC heap before
{Heap before GC invocations=29 (full 4):
 PSYoungGen      total 390656K, used 348672K [0x00000000d5c00000, 0x00000000f0580000, 0x0000000100000000)
  eden space 348672K, 100% used [0x00000000d5c00000,0x00000000eb080000,0x00000000eb080000)
  from space 41984K, 0% used [0x00000000edc80000,0x00000000edc80000,0x00000000f0580000)
  to   space 43520K, 0% used [0x00000000eb080000,0x00000000eb080000,0x00000000edb00000)
 ParOldGen       total 227328K, used 90388K [0x0000000081400000, 0x000000008f200000, 0x00000000d5c00000)
  object space 227328K, 39% used [0x0000000081400000,0x0000000086c453e0,0x000000008f200000)
 Metaspace       used 104555K, capacity 107684K, committed 107992K, reserved 1144832K
  class space    used 12905K, capacity 13471K, committed 13528K, reserved 1048576K
Event: 69.245 GC heap after
Heap after GC invocations=29 (full 4):
 PSYoungGen      total 392192K, used 16472K [0x00000000d5c00000, 0x00000000f2480000, 0x0000000100000000)
  eden space 348672K, 0% used [0x00000000d5c00000,0x00000000d5c00000,0x00000000eb080000)
  from space 43520K, 37% used [0x00000000eb080000,0x00000000ec0960a8,0x00000000edb00000)
  to   space 41472K, 0% used [0x00000000efc00000,0x00000000efc00000,0x00000000f2480000)
 ParOldGen       total 227328K, used 90396K [0x0000000081400000, 0x000000008f200000, 0x00000000d5c00000)
  object space 227328K, 39% used [0x0000000081400000,0x0000000086c473e0,0x000000008f200000)
 Metaspace       used 104555K, capacity 107684K, committed 107992K, reserved 1144832K
  class space    used 12905K, capacity 13471K, committed 13528K, reserved 1048576K
}

